<?xml version="1.0" encoding="UTF-8"?>
<beans xmlns="http://www.springframework.org/schema/beans" 
        xmlns:xsi="http://www.w3.org/2001/XMLSchema-instance" 
        xmlns:context="http://www.springframework.org/schema/context" 
        xmlns:jee="http://www.springframework.org/schema/jee" 
        xmlns:tx="http://www.springframework.org/schema/tx"
        xmlns:aop="http://www.springframework.org/schema/aop"
        xsi:schemaLocation="
        http://www.springframework.org/schema/beans
        http://www.springframework.org/schema/beans/spring-beans-3.0.xsd 
        http://www.springframework.org/schema/context
        http://www.springframework.org/schema/context/spring-context-3.0.xsd
        http://www.springframework.org/schema/jee 
     	http://www.springframework.org/schema/jee/spring-jee-3.0.xsd
     	http://www.springframework.org/schema/tx
        http://www.springframework.org/schema/tx/spring-tx-3.0.xsd
        http://www.springframework.org/schema/aop
        http://www.springframework.org/schema/aop/spring-aop-3.0.xsd">
        
        <context:component-scan base-package="op.sample.spring.exception.*" />
		
		<aop:aspectj-autoproxy/>
			
		<aop:config>
			<aop:advisor pointcut-ref="annotationPointcutForException" advice-ref="exception"/>
			<aop:advisor pointcut-ref="annotationPointcutForException" advice-ref="catch_exception"/>
		</aop:config>
		
		<aop:config>
			<aop:pointcut id="annotationPointcutForException"
	  	 		expression="@annotation(op.sample.spring.annotation.LogException)"/>
	  	 </aop:config>
		
	    <bean id="exception" class="op.sample.spring.exception.LogThrowsExceptionAdviceImpl"/>
	    <bean id="catch_exception" class="op.sample.spring.exception.LogMethodInterceptorImpl"/>
</beans>     